# JRE version: OpenJDK Runtime Environment GraalVM CE 22.3.0 (17.0.5+8) (build 17.0.5+8-jvmci-22.3-b08)
# Java VM: OpenJDK 64-Bit Server VM GraalVM CE 22.3.0 (17.0.5+8-jvmci-22.3-b08, mixed mode, sharing, tiered, jvmci, jvmci compiler, compressed oops, compressed class ptrs, parallel gc, linux-amd64)
GC Precious Log:
 CPUs: 8 total, 1 available
 Memory: 1024M
 Large Page Support: Disabled
 NUMA Support: Disabled
 Compressed Oops: Enabled (32-bit)
 Alignments: Space 512K, Generation 512K, Heap 2M
 Heap Min Capacity: 100M
 Heap Initial Capacity: 100M
 Heap Max Capacity: 512M
 Pre-touch: Disabled
 Parallel Workers: 1
Heap:
 PSYoungGen      total 68608K, used 28671K [0x00000000f5580000, 0x00000000fc080000, 0x0000000100000000)
  eden space 28672K, 99% used [0x00000000f5580000,0x00000000f717fff8,0x00000000f7180000)
  from space 39936K, 0% used [0x00000000f7180000,0x00000000f7180000,0x00000000f9880000)
  to   space 19456K, 0% used [0x00000000f9880000,0x00000000f9880000,0x00000000fab80000)
 ParOldGen       total 349696K, used 349695K [0x00000000e0000000, 0x00000000f5580000, 0x00000000f5580000)
  object space 349696K, 99% used [0x00000000e0000000,0x00000000f557fff8,0x00000000f5580000)
 Metaspace       used 54919K, committed 56128K, reserved 1105920K
  class space    used 5499K, committed 6016K, reserved 1048576K
GC Heap History (20 events):
Event: 2004.831 GC heap before
{Heap before GC invocations=933 (full 825):
 PSYoungGen      total 68608K, used 28671K [0x00000000f5580000, 0x00000000fc080000, 0x0000000100000000)
  eden space 28672K, 99% used [0x00000000f5580000,0x00000000f717fff8,0x00000000f7180000)
  from space 39936K, 0% used [0x00000000f7180000,0x00000000f7180000,0x00000000f9880000)
  to   space 19456K, 0% used [0x00000000f9880000,0x00000000f9880000,0x00000000fab80000)
 ParOldGen       total 349696K, used 349695K [0x00000000e0000000, 0x00000000f5580000, 0x00000000f5580000)
  object space 349696K, 99% used [0x00000000e0000000,0x00000000f557ffa8,0x00000000f5580000)
 Metaspace       used 54919K, committed 56128K, reserved 1105920K
  class space    used 5499K, committed 6016K, reserved 1048576K
}
Event: 2007.142 GC heap after
{Heap after GC invocations=933 (full 825):
 PSYoungGen      total 48128K, used 28671K [0x00000000f5580000, 0x00000000fc080000, 0x0000000100000000)
  eden space 28672K, 99% used [0x00000000f5580000,0x00000000f717fff8,0x00000000f7180000)
  from space 19456K, 0% used [0x00000000f9880000,0x00000000f9880000,0x00000000fab80000)
  to   space 39936K, 0% used [0x00000000f7180000,0x00000000f7180000,0x00000000f9880000)
 ParOldGen       total 349696K, used 349695K [0x00000000e0000000, 0x00000000f5580000, 0x00000000f5580000)
  object space 349696K, 99% used [0x00000000e0000000,0x00000000f557fe38,0x00000000f5580000)
 Metaspace       used 54919K, committed 56128K, reserved 1105920K
  class space    used 5499K, committed 6016K, reserved 1048576K
}
Event: 2007.143 GC heap before
{Heap before GC invocations=934 (full 826):
 PSYoungGen      total 48128K, used 28671K [0x00000000f5580000, 0x00000000fc080000, 0x0000000100000000)
  eden space 28672K, 99% used [0x00000000f5580000,0x00000000f717fff8,0x00000000f7180000)
  from space 19456K, 0% used [0x00000000f9880000,0x00000000f9880000,0x00000000fab80000)
  to   space 39936K, 0% used [0x00000000f7180000,0x00000000f7180000,0x00000000f9880000)
 ParOldGen       total 349696K, used 349695K [0x00000000e0000000, 0x00000000f5580000, 0x00000000f5580000)
  object space 349696K, 99% used [0x00000000e0000000,0x00000000f557fff8,0x00000000f5580000)
 Metaspace       used 54919K, committed 56128K, reserved 1105920K
  class space    used 5499K, committed 6016K, reserved 1048576K
}
Event: 2009.405 GC heap after
{Heap after GC invocations=934 (full 826):
 PSYoungGen      total 68608K, used 28671K [0x00000000f5580000, 0x00000000fc080000, 0x0000000100000000)
  eden space 28672K, 99% used [0x00000000f5580000,0x00000000f717ffc8,0x00000000f7180000)
  from space 39936K, 0% used [0x00000000f7180000,0x00000000f7180000,0x00000000f9880000)
  to   space 19456K, 0% used [0x00000000f9880000,0x00000000f9880000,0x00000000fab80000)
 ParOldGen       total 349696K, used 349695K [0x00000000e0000000, 0x00000000f5580000, 0x00000000f5580000)
  object space 349696K, 99% used [0x00000000e0000000,0x00000000f557ff98,0x00000000f5580000)
 Metaspace       used 54919K, committed 56128K, reserved 1105920K
  class space    used 5499K, committed 6016K, reserved 1048576K
}
Event: 2009.406 GC heap before
{Heap before GC invocations=935 (full 827):
 PSYoungGen      total 68608K, used 28671K [0x00000000f5580000, 0x00000000fc080000, 0x0000000100000000)
  eden space 28672K, 99% used [0x00000000f5580000,0x00000000f717ffe0,0x00000000f7180000)
  from space 39936K, 0% used [0x00000000f7180000,0x00000000f7180000,0x00000000f9880000)
  to   space 19456K, 0% used [0x00000000f9880000,0x00000000f9880000,0x00000000fab80000)
 ParOldGen       total 349696K, used 349695K [0x00000000e0000000, 0x00000000f5580000, 0x00000000f5580000)
  object space 349696K, 99% used [0x00000000e0000000,0x00000000f557ff98,0x00000000f5580000)
 Metaspace       used 54919K, committed 56128K, reserved 1105920K
  class space    used 5499K, committed 6016K, reserved 1048576K
}
Event: 2011.639 GC heap after
{Heap after GC invocations=935 (full 827):
 PSYoungGen      total 48128K, used 28671K [0x00000000f5580000, 0x00000000fc080000, 0x0000000100000000)
  eden space 28672K, 99% used [0x00000000f5580000,0x00000000f717ffe0,0x00000000f7180000)
  from space 19456K, 0% used [0x00000000f9880000,0x00000000f9880000,0x00000000fab80000)
  to   space 39936K, 0% used [0x00000000f7180000,0x00000000f7180000,0x00000000f9880000)
 ParOldGen       total 349696K, used 349695K [0x00000000e0000000, 0x00000000f5580000, 0x00000000f5580000)
  object space 349696K, 99% used [0x00000000e0000000,0x00000000f557ff98,0x00000000f5580000)
 Metaspace       used 54919K, committed 56128K, reserved 1105920K
  class space    used 5499K, committed 6016K, reserved 1048576K
}
Event: 2011.640 GC heap before
{Heap before GC invocations=936 (full 828):
 PSYoungGen      total 48128K, used 28671K [0x00000000f5580000, 0x00000000fc080000, 0x0000000100000000)
  eden space 28672K, 99% used [0x00000000f5580000,0x00000000f717fff8,0x00000000f7180000)
  from space 19456K, 0% used [0x00000000f9880000,0x00000000f9880000,0x00000000fab80000)
  to   space 39936K, 0% used [0x00000000f7180000,0x00000000f7180000,0x00000000f9880000)
 ParOldGen       total 349696K, used 349695K [0x00000000e0000000, 0x00000000f5580000, 0x00000000f5580000)
  object space 349696K, 99% used [0x00000000e0000000,0x00000000f557fff8,0x00000000f5580000)
 Metaspace       used 54919K, committed 56128K, reserved 1105920K
  class space    used 5499K, committed 6016K, reserved 1048576K
}
Event: 2013.929 GC heap after
{Heap after GC invocations=936 (full 828):
 PSYoungGen      total 68608K, used 28671K [0x00000000f5580000, 0x00000000fc080000, 0x0000000100000000)
  eden space 28672K, 99% used [0x00000000f5580000,0x00000000f717fff8,0x00000000f7180000)
  from space 39936K, 0% used [0x00000000f7180000,0x00000000f7180000,0x00000000f9880000)
  to   space 19456K, 0% used [0x00000000f9880000,0x00000000f9880000,0x00000000fab80000)
 ParOldGen       total 349696K, used 349695K [0x00000000e0000000, 0x00000000f5580000, 0x00000000f5580000)
  object space 349696K, 99% used [0x00000000e0000000,0x00000000f557ffc8,0x00000000f5580000)
 Metaspace       used 54919K, committed 56128K, reserved 1105920K
  class space    used 5499K, committed 6016K, reserved 1048576K
}
Event: 2013.929 GC heap before
{Heap before GC invocations=937 (full 829):
 PSYoungGen      total 68608K, used 28671K [0x00000000f5580000, 0x00000000fc080000, 0x0000000100000000)
  eden space 28672K, 99% used [0x00000000f5580000,0x00000000f717fff8,0x00000000f7180000)
  from space 39936K, 0% used [0x00000000f7180000,0x00000000f7180000,0x00000000f9880000)
  to   space 19456K, 0% used [0x00000000f9880000,0x00000000f9880000,0x00000000fab80000)
 ParOldGen       total 349696K, used 349695K [0x00000000e0000000, 0x00000000f5580000, 0x00000000f5580000)
  object space 349696K, 99% used [0x00000000e0000000,0x00000000f557ffe0,0x00000000f5580000)
 Metaspace       used 54919K, committed 56128K, reserved 1105920K
  class space    used 5499K, committed 6016K, reserved 1048576K
}
Event: 2016.221 GC heap after
{Heap after GC invocations=937 (full 829):
 PSYoungGen      total 48128K, used 28671K [0x00000000f5580000, 0x00000000fc080000, 0x0000000100000000)
  eden space 28672K, 99% used [0x00000000f5580000,0x00000000f717fff8,0x00000000f7180000)
  from space 19456K, 0% used [0x00000000f9880000,0x00000000f9880000,0x00000000fab80000)
  to   space 39936K, 0% used [0x00000000f7180000,0x00000000f7180000,0x00000000f9880000)
 ParOldGen       total 349696K, used 349695K [0x00000000e0000000, 0x00000000f5580000, 0x00000000f5580000)
  object space 349696K, 99% used [0x00000000e0000000,0x00000000f557ffe0,0x00000000f5580000)
 Metaspace       used 54919K, committed 56128K, reserved 1105920K
  class space    used 5499K, committed 6016K, reserved 1048576K
}
Event: 2016.221 GC heap before
{Heap before GC invocations=938 (full 830):
 PSYoungGen      total 48128K, used 28671K [0x00000000f5580000, 0x00000000fc080000, 0x0000000100000000)
  eden space 28672K, 99% used [0x00000000f5580000,0x00000000f717fff8,0x00000000f7180000)
  from space 19456K, 0% used [0x00000000f9880000,0x00000000f9880000,0x00000000fab80000)
  to   space 39936K, 0% used [0x00000000f7180000,0x00000000f7180000,0x00000000f9880000)
 ParOldGen       total 349696K, used 349695K [0x00000000e0000000, 0x00000000f5580000, 0x00000000f5580000)
  object space 349696K, 99% used [0x00000000e0000000,0x00000000f557ffe0,0x00000000f5580000)
 Metaspace       used 54919K, committed 56128K, reserved 1105920K
  class space    used 5499K, committed 6016K, reserved 1048576K
}
Event: 2018.333 GC heap after
{Heap after GC invocations=938 (full 830):
 PSYoungGen      total 68608K, used 28671K [0x00000000f5580000, 0x00000000fc080000, 0x0000000100000000)
  eden space 28672K, 99% used [0x00000000f5580000,0x00000000f717fff8,0x00000000f7180000)
  from space 39936K, 0% used [0x00000000f7180000,0x00000000f7180000,0x00000000f9880000)
  to   space 19456K, 0% used [0x00000000f9880000,0x00000000f9880000,0x00000000fab80000)
 ParOldGen       total 349696K, used 349695K [0x00000000e0000000, 0x00000000f5580000, 0x00000000f5580000)
  object space 349696K, 99% used [0x00000000e0000000,0x00000000f557ffe0,0x00000000f5580000)
 Metaspace       used 54919K, committed 56128K, reserved 1105920K
  class space    used 5499K, committed 6016K, reserved 1048576K
}
Event: 2018.334 GC heap before
{Heap before GC invocations=939 (full 831):
 PSYoungGen      total 68608K, used 28671K [0x00000000f5580000, 0x00000000fc080000, 0x0000000100000000)
  eden space 28672K, 99% used [0x00000000f5580000,0x00000000f717fff8,0x00000000f7180000)
  from space 39936K, 0% used [0x00000000f7180000,0x00000000f7180000,0x00000000f9880000)
  to   space 19456K, 0% used [0x00000000f9880000,0x00000000f9880000,0x00000000fab80000)
 ParOldGen       total 349696K, used 349695K [0x00000000e0000000, 0x00000000f5580000, 0x00000000f5580000)
  object space 349696K, 99% used [0x00000000e0000000,0x00000000f557fff8,0x00000000f5580000)
 Metaspace       used 54919K, committed 56128K, reserved 1105920K
  class space    used 5499K, committed 6016K, reserved 1048576K
}
Event: 2020.591 GC heap after
{Heap after GC invocations=939 (full 831):
 PSYoungGen      total 48128K, used 28671K [0x00000000f5580000, 0x00000000fc080000, 0x0000000100000000)
  eden space 28672K, 99% used [0x00000000f5580000,0x00000000f717fff8,0x00000000f7180000)
  from space 19456K, 0% used [0x00000000f9880000,0x00000000f9880000,0x00000000fab80000)
  to   space 39936K, 0% used [0x00000000f7180000,0x00000000f7180000,0x00000000f9880000)
 ParOldGen       total 349696K, used 349695K [0x00000000e0000000, 0x00000000f5580000, 0x00000000f5580000)
  object space 349696K, 99% used [0x00000000e0000000,0x00000000f557fff8,0x00000000f5580000)
 Metaspace       used 54919K, committed 56128K, reserved 1105920K
  class space    used 5499K, committed 6016K, reserved 1048576K
}
Event: 2020.591 GC heap before
{Heap before GC invocations=940 (full 832):
 PSYoungGen      total 48128K, used 28671K [0x00000000f5580000, 0x00000000fc080000, 0x0000000100000000)
  eden space 28672K, 99% used [0x00000000f5580000,0x00000000f717fff8,0x00000000f7180000)
  from space 19456K, 0% used [0x00000000f9880000,0x00000000f9880000,0x00000000fab80000)
  to   space 39936K, 0% used [0x00000000f7180000,0x00000000f7180000,0x00000000f9880000)
 ParOldGen       total 349696K, used 349695K [0x00000000e0000000, 0x00000000f5580000, 0x00000000f5580000)
  object space 349696K, 99% used [0x00000000e0000000,0x00000000f557fff8,0x00000000f5580000)
 Metaspace       used 54919K, committed 56128K, reserved 1105920K
  class space    used 5499K, committed 6016K, reserved 1048576K
}
Event: 2022.801 GC heap after
{Heap after GC invocations=940 (full 832):
 PSYoungGen      total 68608K, used 28671K [0x00000000f5580000, 0x00000000fc080000, 0x0000000100000000)
  eden space 28672K, 99% used [0x00000000f5580000,0x00000000f717fff8,0x00000000f7180000)
  from space 39936K, 0% used [0x00000000f7180000,0x00000000f7180000,0x00000000f9880000)
  to   space 19456K, 0% used [0x00000000f9880000,0x00000000f9880000,0x00000000fab80000)
 ParOldGen       total 349696K, used 349695K [0x00000000e0000000, 0x00000000f5580000, 0x00000000f5580000)
  object space 349696K, 99% used [0x00000000e0000000,0x00000000f557fff8,0x00000000f5580000)
 Metaspace       used 54919K, committed 56128K, reserved 1105920K
  class space    used 5499K, committed 6016K, reserved 1048576K
}
Event: 2022.803 GC heap before
{Heap before GC invocations=941 (full 833):
 PSYoungGen      total 68608K, used 28671K [0x00000000f5580000, 0x00000000fc080000, 0x0000000100000000)
  eden space 28672K, 99% used [0x00000000f5580000,0x00000000f717fff8,0x00000000f7180000)
  from space 39936K, 0% used [0x00000000f7180000,0x00000000f7180000,0x00000000f9880000)
  to   space 19456K, 0% used [0x00000000f9880000,0x00000000f9880000,0x00000000fab80000)
 ParOldGen       total 349696K, used 349695K [0x00000000e0000000, 0x00000000f5580000, 0x00000000f5580000)
  object space 349696K, 99% used [0x00000000e0000000,0x00000000f557fff8,0x00000000f5580000)
 Metaspace       used 54919K, committed 56128K, reserved 1105920K
  class space    used 5499K, committed 6016K, reserved 1048576K
}
Event: 2025.204 GC heap after
{Heap after GC invocations=941 (full 833):
 PSYoungGen      total 48128K, used 28671K [0x00000000f5580000, 0x00000000fc080000, 0x0000000100000000)
  eden space 28672K, 99% used [0x00000000f5580000,0x00000000f717fff8,0x00000000f7180000)
  from space 19456K, 0% used [0x00000000f9880000,0x00000000f9880000,0x00000000fab80000)
  to   space 39936K, 0% used [0x00000000f7180000,0x00000000f7180000,0x00000000f9880000)
 ParOldGen       total 349696K, used 349695K [0x00000000e0000000, 0x00000000f5580000, 0x00000000f5580000)
  object space 349696K, 99% used [0x00000000e0000000,0x00000000f557fff8,0x00000000f5580000)
 Metaspace       used 54919K, committed 56128K, reserved 1105920K
  class space    used 5499K, committed 6016K, reserved 1048576K
}
Event: 2025.204 GC heap before
{Heap before GC invocations=942 (full 834):
 PSYoungGen      total 48128K, used 28671K [0x00000000f5580000, 0x00000000fc080000, 0x0000000100000000)
  eden space 28672K, 99% used [0x00000000f5580000,0x00000000f717fff8,0x00000000f7180000)
  from space 19456K, 0% used [0x00000000f9880000,0x00000000f9880000,0x00000000fab80000)
  to   space 39936K, 0% used [0x00000000f7180000,0x00000000f7180000,0x00000000f9880000)
 ParOldGen       total 349696K, used 349695K [0x00000000e0000000, 0x00000000f5580000, 0x00000000f5580000)
  object space 349696K, 99% used [0x00000000e0000000,0x00000000f557fff8,0x00000000f5580000)
 Metaspace       used 54919K, committed 56128K, reserved 1105920K
  class space    used 5499K, committed 6016K, reserved 1048576K
}
Event: 2027.243 GC heap after
{Heap after GC invocations=942 (full 834):
 PSYoungGen      total 68608K, used 28671K [0x00000000f5580000, 0x00000000fc080000, 0x0000000100000000)
  eden space 28672K, 99% used [0x00000000f5580000,0x00000000f717fff8,0x00000000f7180000)
  from space 39936K, 0% used [0x00000000f7180000,0x00000000f7180000,0x00000000f9880000)
  to   space 19456K, 0% used [0x00000000f9880000,0x00000000f9880000,0x00000000fab80000)
 ParOldGen       total 349696K, used 349695K [0x00000000e0000000, 0x00000000f5580000, 0x00000000f5580000)
  object space 349696K, 99% used [0x00000000e0000000,0x00000000f557fff8,0x00000000f5580000)
 Metaspace       used 54919K, committed 56128K, reserved 1105920K
  class space    used 5499K, committed 6016K, reserved 1048576K
}

