# JRE version: OpenJDK Runtime Environment GraalVM CE 22.3.0 (17.0.5+8) (build 17.0.5+8-jvmci-22.3-b08)
# Java VM: OpenJDK 64-Bit Server VM GraalVM CE 22.3.0 (17.0.5+8-jvmci-22.3-b08, mixed mode, sharing, tiered, jvmci, jvmci compiler, compressed oops, compressed class ptrs, parallel gc, linux-amd64)
GC Precious Log:
 CPUs: 8 total, 1 available
 Memory: 1024M
 Large Page Support: Disabled
 NUMA Support: Disabled
 Compressed Oops: Enabled (32-bit)
 Alignments: Space 512K, Generation 512K, Heap 2M
 Heap Min Capacity: 100M
 Heap Initial Capacity: 100M
 Heap Max Capacity: 512M
 Pre-touch: Disabled
 Parallel Workers: 1
Heap:
 PSYoungGen      total 57856K, used 43520K [0x00000000f5580000, 0x00000000f9d00000, 0x0000000100000000)
  eden space 43520K, 100% used [0x00000000f5580000,0x00000000f8000000,0x00000000f8000000)
  from space 14336K, 0% used [0x00000000f8e00000,0x00000000f8e00000,0x00000000f9c00000)
  to   space 14336K, 0% used [0x00000000f8000000,0x00000000f8000000,0x00000000f8e00000)
 ParOldGen       total 349696K, used 349696K [0x00000000e0000000, 0x00000000f5580000, 0x00000000f5580000)
  object space 349696K, 100% used [0x00000000e0000000,0x00000000f5580000,0x00000000f5580000)
 Metaspace       used 62498K, committed 63488K, reserved 1105920K
  class space    used 6219K, committed 6656K, reserved 1048576K
GC Heap History (20 events):
Event: 374.889 GC heap before
{Heap before GC invocations=331 (full 218):
 PSYoungGen      total 57856K, used 43520K [0x00000000f5580000, 0x00000000f9d00000, 0x0000000100000000)
  eden space 43520K, 100% used [0x00000000f5580000,0x00000000f8000000,0x00000000f8000000)
  from space 14336K, 0% used [0x00000000f8e00000,0x00000000f8e00000,0x00000000f9c00000)
  to   space 14336K, 0% used [0x00000000f8000000,0x00000000f8000000,0x00000000f8e00000)
 ParOldGen       total 349696K, used 349695K [0x00000000e0000000, 0x00000000f5580000, 0x00000000f5580000)
  object space 349696K, 99% used [0x00000000e0000000,0x00000000f557fe58,0x00000000f5580000)
 Metaspace       used 62497K, committed 63488K, reserved 1105920K
  class space    used 6219K, committed 6656K, reserved 1048576K
}
Event: 376.003 GC heap after
{Heap after GC invocations=331 (full 218):
 PSYoungGen      total 57856K, used 43520K [0x00000000f5580000, 0x00000000f9d00000, 0x0000000100000000)
  eden space 43520K, 100% used [0x00000000f5580000,0x00000000f8000000,0x00000000f8000000)
  from space 14336K, 0% used [0x00000000f8000000,0x00000000f8000000,0x00000000f8e00000)
  to   space 14336K, 0% used [0x00000000f8e00000,0x00000000f8e00000,0x00000000f9c00000)
 ParOldGen       total 349696K, used 349695K [0x00000000e0000000, 0x00000000f5580000, 0x00000000f5580000)
  object space 349696K, 99% used [0x00000000e0000000,0x00000000f557fe58,0x00000000f5580000)
 Metaspace       used 62497K, committed 63488K, reserved 1105920K
  class space    used 6219K, committed 6656K, reserved 1048576K
}
Event: 376.004 GC heap before
{Heap before GC invocations=332 (full 219):
 PSYoungGen      total 57856K, used 43520K [0x00000000f5580000, 0x00000000f9d00000, 0x0000000100000000)
  eden space 43520K, 100% used [0x00000000f5580000,0x00000000f8000000,0x00000000f8000000)
  from space 14336K, 0% used [0x00000000f8000000,0x00000000f8000000,0x00000000f8e00000)
  to   space 14336K, 0% used [0x00000000f8e00000,0x00000000f8e00000,0x00000000f9c00000)
 ParOldGen       total 349696K, used 349695K [0x00000000e0000000, 0x00000000f5580000, 0x00000000f5580000)
  object space 349696K, 99% used [0x00000000e0000000,0x00000000f557ffc0,0x00000000f5580000)
 Metaspace       used 62497K, committed 63488K, reserved 1105920K
  class space    used 6219K, committed 6656K, reserved 1048576K
}
Event: 377.274 GC heap after
{Heap after GC invocations=332 (full 219):
 PSYoungGen      total 57856K, used 43519K [0x00000000f5580000, 0x00000000f9d00000, 0x0000000100000000)
  eden space 43520K, 99% used [0x00000000f5580000,0x00000000f7ffffe8,0x00000000f8000000)
  from space 14336K, 0% used [0x00000000f8e00000,0x00000000f8e00000,0x00000000f9c00000)
  to   space 14336K, 0% used [0x00000000f8000000,0x00000000f8000000,0x00000000f8e00000)
 ParOldGen       total 349696K, used 349695K [0x00000000e0000000, 0x00000000f5580000, 0x00000000f5580000)
  object space 349696K, 99% used [0x00000000e0000000,0x00000000f557ffc0,0x00000000f5580000)
 Metaspace       used 62497K, committed 63488K, reserved 1105920K
  class space    used 6219K, committed 6656K, reserved 1048576K
}
Event: 377.274 GC heap before
{Heap before GC invocations=333 (full 220):
 PSYoungGen      total 57856K, used 43519K [0x00000000f5580000, 0x00000000f9d00000, 0x0000000100000000)
  eden space 43520K, 99% used [0x00000000f5580000,0x00000000f7ffffe8,0x00000000f8000000)
  from space 14336K, 0% used [0x00000000f8e00000,0x00000000f8e00000,0x00000000f9c00000)
  to   space 14336K, 0% used [0x00000000f8000000,0x00000000f8000000,0x00000000f8e00000)
 ParOldGen       total 349696K, used 349695K [0x00000000e0000000, 0x00000000f5580000, 0x00000000f5580000)
  object space 349696K, 99% used [0x00000000e0000000,0x00000000f557ffc0,0x00000000f5580000)
 Metaspace       used 62497K, committed 63488K, reserved 1105920K
  class space    used 6219K, committed 6656K, reserved 1048576K
}
Event: 378.965 GC heap after
{Heap after GC invocations=333 (full 220):
 PSYoungGen      total 57856K, used 43519K [0x00000000f5580000, 0x00000000f9d00000, 0x0000000100000000)
  eden space 43520K, 99% used [0x00000000f5580000,0x00000000f7ffffe8,0x00000000f8000000)
  from space 14336K, 0% used [0x00000000f8000000,0x00000000f8000000,0x00000000f8e00000)
  to   space 14336K, 0% used [0x00000000f8e00000,0x00000000f8e00000,0x00000000f9c00000)
 ParOldGen       total 349696K, used 349695K [0x00000000e0000000, 0x00000000f5580000, 0x00000000f5580000)
  object space 349696K, 99% used [0x00000000e0000000,0x00000000f557ffc0,0x00000000f5580000)
 Metaspace       used 62497K, committed 63488K, reserved 1105920K
  class space    used 6219K, committed 6656K, reserved 1048576K
}
Event: 378.965 GC heap before
{Heap before GC invocations=334 (full 221):
 PSYoungGen      total 57856K, used 43519K [0x00000000f5580000, 0x00000000f9d00000, 0x0000000100000000)
  eden space 43520K, 99% used [0x00000000f5580000,0x00000000f7ffffe8,0x00000000f8000000)
  from space 14336K, 0% used [0x00000000f8000000,0x00000000f8000000,0x00000000f8e00000)
  to   space 14336K, 0% used [0x00000000f8e00000,0x00000000f8e00000,0x00000000f9c00000)
 ParOldGen       total 349696K, used 349695K [0x00000000e0000000, 0x00000000f5580000, 0x00000000f5580000)
  object space 349696K, 99% used [0x00000000e0000000,0x00000000f557ffe0,0x00000000f5580000)
 Metaspace       used 62498K, committed 63488K, reserved 1105920K
  class space    used 6219K, committed 6656K, reserved 1048576K
}
Event: 380.097 GC heap after
{Heap after GC invocations=334 (full 221):
 PSYoungGen      total 57856K, used 43519K [0x00000000f5580000, 0x00000000f9d00000, 0x0000000100000000)
  eden space 43520K, 99% used [0x00000000f5580000,0x00000000f7ffffc8,0x00000000f8000000)
  from space 14336K, 0% used [0x00000000f8e00000,0x00000000f8e00000,0x00000000f9c00000)
  to   space 14336K, 0% used [0x00000000f8000000,0x00000000f8000000,0x00000000f8e00000)
 ParOldGen       total 349696K, used 349695K [0x00000000e0000000, 0x00000000f5580000, 0x00000000f5580000)
  object space 349696K, 99% used [0x00000000e0000000,0x00000000f557ffc0,0x00000000f5580000)
 Metaspace       used 62498K, committed 63488K, reserved 1105920K
  class space    used 6219K, committed 6656K, reserved 1048576K
}
Event: 380.097 GC heap before
{Heap before GC invocations=335 (full 222):
 PSYoungGen      total 57856K, used 43519K [0x00000000f5580000, 0x00000000f9d00000, 0x0000000100000000)
  eden space 43520K, 99% used [0x00000000f5580000,0x00000000f7ffffc8,0x00000000f8000000)
  from space 14336K, 0% used [0x00000000f8e00000,0x00000000f8e00000,0x00000000f9c00000)
  to   space 14336K, 0% used [0x00000000f8000000,0x00000000f8000000,0x00000000f8e00000)
 ParOldGen       total 349696K, used 349695K [0x00000000e0000000, 0x00000000f5580000, 0x00000000f5580000)
  object space 349696K, 99% used [0x00000000e0000000,0x00000000f557ffc0,0x00000000f5580000)
 Metaspace       used 62498K, committed 63488K, reserved 1105920K
  class space    used 6219K, committed 6656K, reserved 1048576K
}
Event: 381.306 GC heap after
{Heap after GC invocations=335 (full 222):
 PSYoungGen      total 57856K, used 43519K [0x00000000f5580000, 0x00000000f9d00000, 0x0000000100000000)
  eden space 43520K, 99% used [0x00000000f5580000,0x00000000f7ffffc8,0x00000000f8000000)
  from space 14336K, 0% used [0x00000000f8000000,0x00000000f8000000,0x00000000f8e00000)
  to   space 14336K, 0% used [0x00000000f8e00000,0x00000000f8e00000,0x00000000f9c00000)
 ParOldGen       total 349696K, used 349695K [0x00000000e0000000, 0x00000000f5580000, 0x00000000f5580000)
  object space 349696K, 99% used [0x00000000e0000000,0x00000000f557ffc0,0x00000000f5580000)
 Metaspace       used 62498K, committed 63488K, reserved 1105920K
  class space    used 6219K, committed 6656K, reserved 1048576K
}
Event: 381.317 GC heap before
{Heap before GC invocations=336 (full 223):
 PSYoungGen      total 57856K, used 43520K [0x00000000f5580000, 0x00000000f9d00000, 0x0000000100000000)
  eden space 43520K, 100% used [0x00000000f5580000,0x00000000f8000000,0x00000000f8000000)
  from space 14336K, 0% used [0x00000000f8000000,0x00000000f8000000,0x00000000f8e00000)
  to   space 14336K, 0% used [0x00000000f8e00000,0x00000000f8e00000,0x00000000f9c00000)
 ParOldGen       total 349696K, used 349695K [0x00000000e0000000, 0x00000000f5580000, 0x00000000f5580000)
  object space 349696K, 99% used [0x00000000e0000000,0x00000000f557ffe8,0x00000000f5580000)
 Metaspace       used 62498K, committed 63488K, reserved 1105920K
  class space    used 6219K, committed 6656K, reserved 1048576K
}
Event: 382.379 GC heap after
{Heap after GC invocations=336 (full 223):
 PSYoungGen      total 57856K, used 43520K [0x00000000f5580000, 0x00000000f9d00000, 0x0000000100000000)
  eden space 43520K, 100% used [0x00000000f5580000,0x00000000f8000000,0x00000000f8000000)
  from space 14336K, 0% used [0x00000000f8e00000,0x00000000f8e00000,0x00000000f9c00000)
  to   space 14336K, 0% used [0x00000000f8000000,0x00000000f8000000,0x00000000f8e00000)
 ParOldGen       total 349696K, used 349695K [0x00000000e0000000, 0x00000000f5580000, 0x00000000f5580000)
  object space 349696K, 99% used [0x00000000e0000000,0x00000000f557ffb0,0x00000000f5580000)
 Metaspace       used 62498K, committed 63488K, reserved 1105920K
  class space    used 6219K, committed 6656K, reserved 1048576K
}
Event: 382.380 GC heap before
{Heap before GC invocations=337 (full 224):
 PSYoungGen      total 57856K, used 43520K [0x00000000f5580000, 0x00000000f9d00000, 0x0000000100000000)
  eden space 43520K, 100% used [0x00000000f5580000,0x00000000f8000000,0x00000000f8000000)
  from space 14336K, 0% used [0x00000000f8e00000,0x00000000f8e00000,0x00000000f9c00000)
  to   space 14336K, 0% used [0x00000000f8000000,0x00000000f8000000,0x00000000f8e00000)
 ParOldGen       total 349696K, used 349696K [0x00000000e0000000, 0x00000000f5580000, 0x00000000f5580000)
  object space 349696K, 100% used [0x00000000e0000000,0x00000000f5580000,0x00000000f5580000)
 Metaspace       used 62498K, committed 63488K, reserved 1105920K
  class space    used 6219K, committed 6656K, reserved 1048576K
}
Event: 383.664 GC heap after
{Heap after GC invocations=337 (full 224):
 PSYoungGen      total 57856K, used 43520K [0x00000000f5580000, 0x00000000f9d00000, 0x0000000100000000)
  eden space 43520K, 100% used [0x00000000f5580000,0x00000000f8000000,0x00000000f8000000)
  from space 14336K, 0% used [0x00000000f8000000,0x00000000f8000000,0x00000000f8e00000)
  to   space 14336K, 0% used [0x00000000f8e00000,0x00000000f8e00000,0x00000000f9c00000)
 ParOldGen       total 349696K, used 349696K [0x00000000e0000000, 0x00000000f5580000, 0x00000000f5580000)
  object space 349696K, 100% used [0x00000000e0000000,0x00000000f5580000,0x00000000f5580000)
 Metaspace       used 62498K, committed 63488K, reserved 1105920K
  class space    used 6219K, committed 6656K, reserved 1048576K
}
Event: 383.664 GC heap before
{Heap before GC invocations=338 (full 225):
 PSYoungGen      total 57856K, used 43520K [0x00000000f5580000, 0x00000000f9d00000, 0x0000000100000000)
  eden space 43520K, 100% used [0x00000000f5580000,0x00000000f8000000,0x00000000f8000000)
  from space 14336K, 0% used [0x00000000f8000000,0x00000000f8000000,0x00000000f8e00000)
  to   space 14336K, 0% used [0x00000000f8e00000,0x00000000f8e00000,0x00000000f9c00000)
 ParOldGen       total 349696K, used 349696K [0x00000000e0000000, 0x00000000f5580000, 0x00000000f5580000)
  object space 349696K, 100% used [0x00000000e0000000,0x00000000f5580000,0x00000000f5580000)
 Metaspace       used 62498K, committed 63488K, reserved 1105920K
  class space    used 6219K, committed 6656K, reserved 1048576K
}
Event: 384.711 GC heap after
{Heap after GC invocations=338 (full 225):
 PSYoungGen      total 57856K, used 43520K [0x00000000f5580000, 0x00000000f9d00000, 0x0000000100000000)
  eden space 43520K, 100% used [0x00000000f5580000,0x00000000f8000000,0x00000000f8000000)
  from space 14336K, 0% used [0x00000000f8e00000,0x00000000f8e00000,0x00000000f9c00000)
  to   space 14336K, 0% used [0x00000000f8000000,0x00000000f8000000,0x00000000f8e00000)
 ParOldGen       total 349696K, used 349696K [0x00000000e0000000, 0x00000000f5580000, 0x00000000f5580000)
  object space 349696K, 100% used [0x00000000e0000000,0x00000000f5580000,0x00000000f5580000)
 Metaspace       used 62498K, committed 63488K, reserved 1105920K
  class space    used 6219K, committed 6656K, reserved 1048576K
}
Event: 384.711 GC heap before
{Heap before GC invocations=339 (full 226):
 PSYoungGen      total 57856K, used 43520K [0x00000000f5580000, 0x00000000f9d00000, 0x0000000100000000)
  eden space 43520K, 100% used [0x00000000f5580000,0x00000000f8000000,0x00000000f8000000)
  from space 14336K, 0% used [0x00000000f8e00000,0x00000000f8e00000,0x00000000f9c00000)
  to   space 14336K, 0% used [0x00000000f8000000,0x00000000f8000000,0x00000000f8e00000)
 ParOldGen       total 349696K, used 349696K [0x00000000e0000000, 0x00000000f5580000, 0x00000000f5580000)
  object space 349696K, 100% used [0x00000000e0000000,0x00000000f5580000,0x00000000f5580000)
 Metaspace       used 62498K, committed 63488K, reserved 1105920K
  class space    used 6219K, committed 6656K, reserved 1048576K
}
Event: 385.870 GC heap after
{Heap after GC invocations=339 (full 226):
 PSYoungGen      total 57856K, used 43520K [0x00000000f5580000, 0x00000000f9d00000, 0x0000000100000000)
  eden space 43520K, 100% used [0x00000000f5580000,0x00000000f8000000,0x00000000f8000000)
  from space 14336K, 0% used [0x00000000f8000000,0x00000000f8000000,0x00000000f8e00000)
  to   space 14336K, 0% used [0x00000000f8e00000,0x00000000f8e00000,0x00000000f9c00000)
 ParOldGen       total 349696K, used 349696K [0x00000000e0000000, 0x00000000f5580000, 0x00000000f5580000)
  object space 349696K, 100% used [0x00000000e0000000,0x00000000f5580000,0x00000000f5580000)
 Metaspace       used 62498K, committed 63488K, reserved 1105920K
  class space    used 6219K, committed 6656K, reserved 1048576K
}
Event: 385.870 GC heap before
{Heap before GC invocations=340 (full 227):
 PSYoungGen      total 57856K, used 43520K [0x00000000f5580000, 0x00000000f9d00000, 0x0000000100000000)
  eden space 43520K, 100% used [0x00000000f5580000,0x00000000f8000000,0x00000000f8000000)
  from space 14336K, 0% used [0x00000000f8000000,0x00000000f8000000,0x00000000f8e00000)
  to   space 14336K, 0% used [0x00000000f8e00000,0x00000000f8e00000,0x00000000f9c00000)
 ParOldGen       total 349696K, used 349696K [0x00000000e0000000, 0x00000000f5580000, 0x00000000f5580000)
  object space 349696K, 100% used [0x00000000e0000000,0x00000000f5580000,0x00000000f5580000)
 Metaspace       used 62498K, committed 63488K, reserved 1105920K
  class space    used 6219K, committed 6656K, reserved 1048576K
}
Event: 386.989 GC heap after
{Heap after GC invocations=340 (full 227):
 PSYoungGen      total 57856K, used 43520K [0x00000000f5580000, 0x00000000f9d00000, 0x0000000100000000)
  eden space 43520K, 100% used [0x00000000f5580000,0x00000000f8000000,0x00000000f8000000)
  from space 14336K, 0% used [0x00000000f8e00000,0x00000000f8e00000,0x00000000f9c00000)
  to   space 14336K, 0% used [0x00000000f8000000,0x00000000f8000000,0x00000000f8e00000)
 ParOldGen       total 349696K, used 349696K [0x00000000e0000000, 0x00000000f5580000, 0x00000000f5580000)
  object space 349696K, 100% used [0x00000000e0000000,0x00000000f5580000,0x00000000f5580000)
 Metaspace       used 62498K, committed 63488K, reserved 1105920K
  class space    used 6219K, committed 6656K, reserved 1048576K
}

